2023-12-23 16:45:42.332 [INFO ] [JavaFX Application Thread] c.library.frontend.utils.SceneLoader - Loaded scene: /views/logInScene.fxml
2023-12-23 16:45:44.152 [INFO ] [JavaFX Application Thread] org.hibernate.Version - HHH000412: Hibernate ORM core version 6.2.9.Final
2023-12-23 16:45:44.153 [INFO ] [JavaFX Application Thread] org.hibernate.cfg.Environment - HHH000406: Using bytecode reflection optimizer
2023-12-23 16:45:44.437 [WARN ] [JavaFX Application Thread] o.hibernate.orm.connections.pooling - HHH10001002: Using built-in connection pool (not intended for production use)
2023-12-23 16:45:44.451 [INFO ] [JavaFX Application Thread] o.hibernate.orm.connections.pooling - HHH10001005: Loaded JDBC driver class: org.postgresql.Driver
2023-12-23 16:45:44.451 [INFO ] [JavaFX Application Thread] o.hibernate.orm.connections.pooling - HHH10001012: Connecting with JDBC URL [jdbc:postgresql://localhost:5432/Library]
2023-12-23 16:45:44.452 [INFO ] [JavaFX Application Thread] o.hibernate.orm.connections.pooling - HHH10001001: Connection properties: {password=****, user=postgres}
2023-12-23 16:45:44.452 [INFO ] [JavaFX Application Thread] o.hibernate.orm.connections.pooling - HHH10001003: Autocommit mode: false
2023-12-23 16:45:44.453 [INFO ] [JavaFX Application Thread] o.hibernate.orm.connections.pooling - HHH10001115: Connection pool size: 20 (min=1)
2023-12-23 16:45:44.810 [INFO ] [JavaFX Application Thread] o.h.b.i.BytecodeProviderInitiator - HHH000021: Bytecode provider name : bytebuddy
2023-12-23 16:45:45.405 [INFO ] [JavaFX Application Thread] o.h.e.t.j.p.i.JtaPlatformInitiator - HHH000490: Using JtaPlatform implementation: [org.hibernate.engine.transaction.jta.platform.internal.NoJtaPlatform]
2023-12-23 16:45:45.418 [INFO ] [JavaFX Application Thread] o.hibernate.orm.connections.access - HHH10001501: Connection obtained from JdbcConnectionAccess [org.hibernate.engine.jdbc.env.internal.JdbcEnvironmentInitiator$ConnectionProviderJdbcConnectionAccess@a30983] for (non-JTA) DDL execution was not in auto-commit mode; the Connection 'local transaction' will be committed and the Connection will be set into auto-commit mode.
2023-12-23 16:45:45.500 [INFO ] [JavaFX Application Thread] c.l.database.repositories.Repository - Hibernate initialized successfully
2023-12-23 16:45:45.527 [INFO ] [JavaFX Application Thread] c.l.backend.services.ServiceFactory - Service LogInService created successfully
2023-12-23 16:45:45.527 [INFO ] [JavaFX Application Thread] c.l.backend.services.LogInService - Attempting to retrieve user: ?
2023-12-23 16:45:45.528 [INFO ] [JavaFX Application Thread] c.l.d.repositories.UserRepository - Finding user by username: ?
2023-12-23 16:45:45.745 [ERROR] [JavaFX Application Thread] c.l.d.repositories.UserRepository - User not found with username: ?
2023-12-23 16:45:45.745 [ERROR] [JavaFX Application Thread] c.l.backend.services.LogInService - User not found: ?
2023-12-23 16:45:45.746 [ERROR] [JavaFX Application Thread] c.l.f.c.base.LogInController - Error during login
java.lang.RuntimeException: User not found
	at com.library.backend.services.LogInService.lambda$getUser$0(LogInService.java:24)
	at java.base/java.util.Optional.orElseThrow(Optional.java:403)
	at com.library.backend.services.LogInService.getUser(LogInService.java:22)
	at com.library.frontend.controllers.base.LogInController.logInButtonOnMouseClicked(LogInController.java:43)
	at java.base/jdk.internal.reflect.NativeMethodAccessorImpl.invoke0(Native Method)
	at java.base/jdk.internal.reflect.NativeMethodAccessorImpl.invoke(NativeMethodAccessorImpl.java:77)
	at java.base/jdk.internal.reflect.DelegatingMethodAccessorImpl.invoke(DelegatingMethodAccessorImpl.java:43)
	at java.base/java.lang.reflect.Method.invoke(Method.java:568)
	at com.sun.javafx.reflect.Trampoline.invoke(MethodUtil.java:77)
	at jdk.internal.reflect.GeneratedMethodAccessor2.invoke(Unknown Source)
	at java.base/jdk.internal.reflect.DelegatingMethodAccessorImpl.invoke(DelegatingMethodAccessorImpl.java:43)
	at java.base/java.lang.reflect.Method.invoke(Method.java:568)
	at javafx.base/com.sun.javafx.reflect.MethodUtil.invoke(MethodUtil.java:275)
	at javafx.fxml/com.sun.javafx.fxml.MethodHelper.invoke(MethodHelper.java:84)
	at javafx.fxml/javafx.fxml.FXMLLoader$MethodHandler.invoke(FXMLLoader.java:1852)
	at javafx.fxml/javafx.fxml.FXMLLoader$ControllerMethodEventHandler.handle(FXMLLoader.java:1724)
	at javafx.base/com.sun.javafx.event.CompositeEventHandler.dispatchBubblingEvent(CompositeEventHandler.java:86)
	at javafx.base/com.sun.javafx.event.EventHandlerManager.dispatchBubblingEvent(EventHandlerManager.java:234)
	at javafx.base/com.sun.javafx.event.EventHandlerManager.dispatchBubblingEvent(EventHandlerManager.java:191)
	at javafx.base/com.sun.javafx.event.CompositeEventDispatcher.dispatchBubblingEvent(CompositeEventDispatcher.java:59)
	at javafx.base/com.sun.javafx.event.BasicEventDispatcher.dispatchEvent(BasicEventDispatcher.java:58)
	at javafx.base/com.sun.javafx.event.EventDispatchChainImpl.dispatchEvent(EventDispatchChainImpl.java:114)
	at javafx.base/com.sun.javafx.event.BasicEventDispatcher.dispatchEvent(BasicEventDispatcher.java:56)
	at javafx.base/com.sun.javafx.event.EventDispatchChainImpl.dispatchEvent(EventDispatchChainImpl.java:114)
	at javafx.base/com.sun.javafx.event.BasicEventDispatcher.dispatchEvent(BasicEventDispatcher.java:56)
	at javafx.base/com.sun.javafx.event.EventDispatchChainImpl.dispatchEvent(EventDispatchChainImpl.java:114)
	at javafx.base/com.sun.javafx.event.EventUtil.fireEventImpl(EventUtil.java:74)
	at javafx.base/com.sun.javafx.event.EventUtil.fireEvent(EventUtil.java:54)
	at javafx.base/javafx.event.Event.fireEvent(Event.java:198)
	at javafx.graphics/javafx.scene.Scene$ClickGenerator.postProcess(Scene.java:3602)
	at javafx.graphics/javafx.scene.Scene$MouseHandler.process(Scene.java:3906)
	at javafx.graphics/javafx.scene.Scene.processMouseEvent(Scene.java:1878)
	at javafx.graphics/javafx.scene.Scene$ScenePeerListener.mouseEvent(Scene.java:2623)
	at javafx.graphics/com.sun.javafx.tk.quantum.GlassViewEventHandler$MouseEventNotification.run(GlassViewEventHandler.java:411)
	at javafx.graphics/com.sun.javafx.tk.quantum.GlassViewEventHandler$MouseEventNotification.run(GlassViewEventHandler.java:301)
	at java.base/java.security.AccessController.doPrivileged(AccessController.java:399)
	at javafx.graphics/com.sun.javafx.tk.quantum.GlassViewEventHandler.lambda$handleMouseEvent$2(GlassViewEventHandler.java:450)
	at javafx.graphics/com.sun.javafx.tk.quantum.QuantumToolkit.runWithoutRenderLock(QuantumToolkit.java:424)
	at javafx.graphics/com.sun.javafx.tk.quantum.GlassViewEventHandler.handleMouseEvent(GlassViewEventHandler.java:449)
	at javafx.graphics/com.sun.glass.ui.View.handleMouseEvent(View.java:557)
	at javafx.graphics/com.sun.glass.ui.View.notifyMouse(View.java:943)
	at javafx.graphics/com.sun.glass.ui.win.WinApplication._runLoop(Native Method)
	at javafx.graphics/com.sun.glass.ui.win.WinApplication.lambda$runLoop$3(WinApplication.java:184)
	at java.base/java.lang.Thread.run(Thread.java:833)
2023-12-23 16:45:45.751 [INFO ] [JavaFX Application Thread] c.l.backend.services.ServiceFactory - Service LogInService created successfully
2023-12-23 16:45:45.751 [INFO ] [JavaFX Application Thread] c.l.backend.services.LogInService - Attempting to retrieve user: ?
2023-12-23 16:45:45.751 [INFO ] [JavaFX Application Thread] c.l.d.repositories.UserRepository - Finding user by username: ?
2023-12-23 16:45:45.753 [ERROR] [JavaFX Application Thread] c.l.d.repositories.UserRepository - User not found with username: ?
2023-12-23 16:45:45.753 [ERROR] [JavaFX Application Thread] c.l.backend.services.LogInService - User not found: ?
2023-12-23 16:45:45.754 [ERROR] [JavaFX Application Thread] c.l.f.c.base.LogInController - Error during login
java.lang.RuntimeException: User not found
	at com.library.backend.services.LogInService.lambda$getUser$0(LogInService.java:24)
	at java.base/java.util.Optional.orElseThrow(Optional.java:403)
	at com.library.backend.services.LogInService.getUser(LogInService.java:22)
	at com.library.frontend.controllers.base.LogInController.logInButtonOnMouseClicked(LogInController.java:43)
	at java.base/jdk.internal.reflect.NativeMethodAccessorImpl.invoke0(Native Method)
	at java.base/jdk.internal.reflect.NativeMethodAccessorImpl.invoke(NativeMethodAccessorImpl.java:77)
	at java.base/jdk.internal.reflect.DelegatingMethodAccessorImpl.invoke(DelegatingMethodAccessorImpl.java:43)
	at java.base/java.lang.reflect.Method.invoke(Method.java:568)
	at com.sun.javafx.reflect.Trampoline.invoke(MethodUtil.java:77)
	at jdk.internal.reflect.GeneratedMethodAccessor2.invoke(Unknown Source)
	at java.base/jdk.internal.reflect.DelegatingMethodAccessorImpl.invoke(DelegatingMethodAccessorImpl.java:43)
	at java.base/java.lang.reflect.Method.invoke(Method.java:568)
	at javafx.base/com.sun.javafx.reflect.MethodUtil.invoke(MethodUtil.java:275)
	at javafx.fxml/com.sun.javafx.fxml.MethodHelper.invoke(MethodHelper.java:84)
	at javafx.fxml/javafx.fxml.FXMLLoader$MethodHandler.invoke(FXMLLoader.java:1852)
	at javafx.fxml/javafx.fxml.FXMLLoader$ControllerMethodEventHandler.handle(FXMLLoader.java:1724)
	at javafx.base/com.sun.javafx.event.CompositeEventHandler.dispatchBubblingEvent(CompositeEventHandler.java:86)
	at javafx.base/com.sun.javafx.event.EventHandlerManager.dispatchBubblingEvent(EventHandlerManager.java:234)
	at javafx.base/com.sun.javafx.event.EventHandlerManager.dispatchBubblingEvent(EventHandlerManager.java:191)
	at javafx.base/com.sun.javafx.event.CompositeEventDispatcher.dispatchBubblingEvent(CompositeEventDispatcher.java:59)
	at javafx.base/com.sun.javafx.event.BasicEventDispatcher.dispatchEvent(BasicEventDispatcher.java:58)
	at javafx.base/com.sun.javafx.event.EventDispatchChainImpl.dispatchEvent(EventDispatchChainImpl.java:114)
	at javafx.base/com.sun.javafx.event.BasicEventDispatcher.dispatchEvent(BasicEventDispatcher.java:56)
	at javafx.base/com.sun.javafx.event.EventDispatchChainImpl.dispatchEvent(EventDispatchChainImpl.java:114)
	at javafx.base/com.sun.javafx.event.BasicEventDispatcher.dispatchEvent(BasicEventDispatcher.java:56)
	at javafx.base/com.sun.javafx.event.EventDispatchChainImpl.dispatchEvent(EventDispatchChainImpl.java:114)
	at javafx.base/com.sun.javafx.event.EventUtil.fireEventImpl(EventUtil.java:74)
	at javafx.base/com.sun.javafx.event.EventUtil.fireEvent(EventUtil.java:54)
	at javafx.base/javafx.event.Event.fireEvent(Event.java:198)
	at javafx.graphics/javafx.scene.Scene$ClickGenerator.postProcess(Scene.java:3602)
	at javafx.graphics/javafx.scene.Scene$MouseHandler.process(Scene.java:3906)
	at javafx.graphics/javafx.scene.Scene.processMouseEvent(Scene.java:1878)
	at javafx.graphics/javafx.scene.Scene$ScenePeerListener.mouseEvent(Scene.java:2623)
	at javafx.graphics/com.sun.javafx.tk.quantum.GlassViewEventHandler$MouseEventNotification.run(GlassViewEventHandler.java:411)
	at javafx.graphics/com.sun.javafx.tk.quantum.GlassViewEventHandler$MouseEventNotification.run(GlassViewEventHandler.java:301)
	at java.base/java.security.AccessController.doPrivileged(AccessController.java:399)
	at javafx.graphics/com.sun.javafx.tk.quantum.GlassViewEventHandler.lambda$handleMouseEvent$2(GlassViewEventHandler.java:450)
	at javafx.graphics/com.sun.javafx.tk.quantum.QuantumToolkit.runWithoutRenderLock(QuantumToolkit.java:424)
	at javafx.graphics/com.sun.javafx.tk.quantum.GlassViewEventHandler.handleMouseEvent(GlassViewEventHandler.java:449)
	at javafx.graphics/com.sun.glass.ui.View.handleMouseEvent(View.java:557)
	at javafx.graphics/com.sun.glass.ui.View.notifyMouse(View.java:943)
	at javafx.graphics/com.sun.glass.ui.win.WinApplication._runLoop(Native Method)
	at javafx.graphics/com.sun.glass.ui.win.WinApplication.lambda$runLoop$3(WinApplication.java:184)
	at java.base/java.lang.Thread.run(Thread.java:833)
2023-12-23 16:46:00.546 [INFO ] [JavaFX Application Thread] c.l.backend.services.ServiceFactory - Service LogInService created successfully
2023-12-23 16:46:00.547 [INFO ] [JavaFX Application Thread] c.l.backend.services.LogInService - Attempting to retrieve user: a
2023-12-23 16:46:00.547 [INFO ] [JavaFX Application Thread] c.l.d.repositories.UserRepository - Finding user by username: a
2023-12-23 16:46:00.555 [INFO ] [JavaFX Application Thread] c.l.d.repositories.UserRepository - Successfully found user by username: a
2023-12-23 16:46:00.555 [INFO ] [JavaFX Application Thread] c.l.backend.services.LogInService - User retrieved successfully: a
2023-12-23 16:46:00.572 [INFO ] [JavaFX Application Thread] c.l.backend.services.ServiceFactory - Service OperatorService created successfully
2023-12-23 16:46:00.577 [INFO ] [JavaFX Application Thread] c.l.frontend.utils.TableViewBuilder - Book table view created successfully
2023-12-23 16:46:00.738 [INFO ] [JavaFX Application Thread] c.library.frontend.utils.SceneLoader - Loaded scene: /views/operatorBooksScene.fxml
2023-12-23 16:46:02.133 [INFO ] [JavaFX Application Thread] c.l.backend.services.ServiceFactory - Service OperatorService created successfully
2023-12-23 16:46:02.187 [INFO ] [JavaFX Application Thread] c.library.frontend.utils.SceneLoader - Loaded scene: /views/operatorReadersScene.fxml
2023-12-23 16:46:03.128 [INFO ] [JavaFX Application Thread] c.library.frontend.utils.SceneLoader - Loaded scene: /views/createReaderProfileScene.fxml
2023-12-23 16:46:04.092 [INFO ] [JavaFX Application Thread] c.l.backend.services.ServiceFactory - Service OperatorService created successfully
2023-12-23 16:46:04.114 [INFO ] [JavaFX Application Thread] c.library.frontend.utils.SceneLoader - Loaded scene: /views/operatorReadersScene.fxml
