2023-12-21 18:54:56.724 [INFO ] [JavaFX Application Thread] org.hibernate.Version - HHH000412: Hibernate ORM core version 6.2.9.Final
2023-12-21 18:54:56.728 [INFO ] [JavaFX Application Thread] org.hibernate.cfg.Environment - HHH000406: Using bytecode reflection optimizer
2023-12-21 18:54:57.016 [WARN ] [JavaFX Application Thread] o.hibernate.orm.connections.pooling - HHH10001002: Using built-in connection pool (not intended for production use)
2023-12-21 18:54:57.019 [INFO ] [JavaFX Application Thread] o.hibernate.orm.connections.pooling - HHH10001005: Loaded JDBC driver class: org.postgresql.Driver
2023-12-21 18:54:57.032 [INFO ] [JavaFX Application Thread] o.hibernate.orm.connections.pooling - HHH10001012: Connecting with JDBC URL [jdbc:postgresql://localhost:5432/Library]
2023-12-21 18:54:57.032 [INFO ] [JavaFX Application Thread] o.hibernate.orm.connections.pooling - HHH10001001: Connection properties: {password=****, user=postgres}
2023-12-21 18:54:57.033 [INFO ] [JavaFX Application Thread] o.hibernate.orm.connections.pooling - HHH10001003: Autocommit mode: false
2023-12-21 18:54:57.035 [INFO ] [JavaFX Application Thread] o.hibernate.orm.connections.pooling - HHH10001115: Connection pool size: 20 (min=1)
2023-12-21 18:54:57.406 [INFO ] [JavaFX Application Thread] o.h.b.i.BytecodeProviderInitiator - HHH000021: Bytecode provider name : bytebuddy
2023-12-21 18:54:58.022 [INFO ] [JavaFX Application Thread] o.h.e.t.j.p.i.JtaPlatformInitiator - HHH000490: Using JtaPlatform implementation: [org.hibernate.engine.transaction.jta.platform.internal.NoJtaPlatform]
2023-12-21 18:54:58.040 [INFO ] [JavaFX Application Thread] o.hibernate.orm.connections.access - HHH10001501: Connection obtained from JdbcConnectionAccess [org.hibernate.engine.jdbc.env.internal.JdbcEnvironmentInitiator$ConnectionProviderJdbcConnectionAccess@3147bddb] for (non-JTA) DDL execution was not in auto-commit mode; the Connection 'local transaction' will be committed and the Connection will be set into auto-commit mode.
2023-12-21 18:54:58.136 [INFO ] [JavaFX Application Thread] c.l.database.repositories.Repository - Hibernate initialized successfully
2023-12-21 18:54:58.164 [INFO ] [JavaFX Application Thread] c.l.d.repositories.UserRepository - Finding user by username: a
2023-12-21 18:54:58.426 [INFO ] [JavaFX Application Thread] c.l.d.repositories.UserRepository - Successfully found user by username: a
2023-12-21 18:56:59.951 [INFO ] [JavaFX Application Thread] org.hibernate.Version - HHH000412: Hibernate ORM core version 6.2.9.Final
2023-12-21 18:56:59.955 [INFO ] [JavaFX Application Thread] org.hibernate.cfg.Environment - HHH000406: Using bytecode reflection optimizer
2023-12-21 18:57:00.262 [WARN ] [JavaFX Application Thread] o.hibernate.orm.connections.pooling - HHH10001002: Using built-in connection pool (not intended for production use)
2023-12-21 18:57:00.264 [INFO ] [JavaFX Application Thread] o.hibernate.orm.connections.pooling - HHH10001005: Loaded JDBC driver class: org.postgresql.Driver
2023-12-21 18:57:00.265 [INFO ] [JavaFX Application Thread] o.hibernate.orm.connections.pooling - HHH10001012: Connecting with JDBC URL [jdbc:postgresql://localhost:5432/Library]
2023-12-21 18:57:00.265 [INFO ] [JavaFX Application Thread] o.hibernate.orm.connections.pooling - HHH10001001: Connection properties: {password=****, user=postgres}
2023-12-21 18:57:00.265 [INFO ] [JavaFX Application Thread] o.hibernate.orm.connections.pooling - HHH10001003: Autocommit mode: false
2023-12-21 18:57:00.266 [INFO ] [JavaFX Application Thread] o.hibernate.orm.connections.pooling - HHH10001115: Connection pool size: 20 (min=1)
2023-12-21 18:57:00.632 [INFO ] [JavaFX Application Thread] o.h.b.i.BytecodeProviderInitiator - HHH000021: Bytecode provider name : bytebuddy
2023-12-21 18:57:01.289 [INFO ] [JavaFX Application Thread] o.h.e.t.j.p.i.JtaPlatformInitiator - HHH000490: Using JtaPlatform implementation: [org.hibernate.engine.transaction.jta.platform.internal.NoJtaPlatform]
2023-12-21 18:57:01.303 [INFO ] [JavaFX Application Thread] o.hibernate.orm.connections.access - HHH10001501: Connection obtained from JdbcConnectionAccess [org.hibernate.engine.jdbc.env.internal.JdbcEnvironmentInitiator$ConnectionProviderJdbcConnectionAccess@4ebafd1a] for (non-JTA) DDL execution was not in auto-commit mode; the Connection 'local transaction' will be committed and the Connection will be set into auto-commit mode.
2023-12-21 18:57:01.391 [INFO ] [JavaFX Application Thread] c.l.database.repositories.Repository - Hibernate initialized successfully
2023-12-21 18:57:01.416 [INFO ] [JavaFX Application Thread] c.l.d.repositories.UserRepository - Finding user by username: a
2023-12-21 18:57:01.662 [INFO ] [JavaFX Application Thread] c.l.d.repositories.UserRepository - Successfully found user by username: a
2023-12-21 18:59:59.182 [INFO ] [JavaFX Application Thread] org.hibernate.Version - HHH000412: Hibernate ORM core version 6.2.9.Final
2023-12-21 18:59:59.185 [INFO ] [JavaFX Application Thread] org.hibernate.cfg.Environment - HHH000406: Using bytecode reflection optimizer
2023-12-21 18:59:59.472 [WARN ] [JavaFX Application Thread] o.hibernate.orm.connections.pooling - HHH10001002: Using built-in connection pool (not intended for production use)
2023-12-21 18:59:59.476 [INFO ] [JavaFX Application Thread] o.hibernate.orm.connections.pooling - HHH10001005: Loaded JDBC driver class: org.postgresql.Driver
2023-12-21 18:59:59.476 [INFO ] [JavaFX Application Thread] o.hibernate.orm.connections.pooling - HHH10001012: Connecting with JDBC URL [jdbc:postgresql://localhost:5432/Library]
2023-12-21 18:59:59.476 [INFO ] [JavaFX Application Thread] o.hibernate.orm.connections.pooling - HHH10001001: Connection properties: {password=****, user=postgres}
2023-12-21 18:59:59.476 [INFO ] [JavaFX Application Thread] o.hibernate.orm.connections.pooling - HHH10001003: Autocommit mode: false
2023-12-21 18:59:59.478 [INFO ] [JavaFX Application Thread] o.hibernate.orm.connections.pooling - HHH10001115: Connection pool size: 20 (min=1)
2023-12-21 18:59:59.837 [INFO ] [JavaFX Application Thread] o.h.b.i.BytecodeProviderInitiator - HHH000021: Bytecode provider name : bytebuddy
2023-12-21 19:00:00.471 [INFO ] [JavaFX Application Thread] o.h.e.t.j.p.i.JtaPlatformInitiator - HHH000490: Using JtaPlatform implementation: [org.hibernate.engine.transaction.jta.platform.internal.NoJtaPlatform]
2023-12-21 19:00:00.490 [INFO ] [JavaFX Application Thread] o.hibernate.orm.connections.access - HHH10001501: Connection obtained from JdbcConnectionAccess [org.hibernate.engine.jdbc.env.internal.JdbcEnvironmentInitiator$ConnectionProviderJdbcConnectionAccess@2cb8f39f] for (non-JTA) DDL execution was not in auto-commit mode; the Connection 'local transaction' will be committed and the Connection will be set into auto-commit mode.
2023-12-21 19:00:00.577 [INFO ] [JavaFX Application Thread] c.l.database.repositories.Repository - Hibernate initialized successfully
2023-12-21 19:00:00.602 [INFO ] [JavaFX Application Thread] c.l.d.repositories.UserRepository - Finding user by username: a
2023-12-21 19:00:00.845 [INFO ] [JavaFX Application Thread] c.l.d.repositories.UserRepository - Successfully found user by username: a
2023-12-21 19:06:10.253 [INFO ] [JavaFX Application Thread] c.library.frontend.utils.SceneLoader - Loaded scene: /views/logInScene.fxml
2023-12-21 20:22:30.802 [INFO ] [JavaFX Application Thread] c.library.frontend.utils.SceneLoader - Loaded scene: /views/logInScene.fxml
